<?xml version="1.0" encoding="UTF-8"?>
<!-- Generated by org.testng.reporters.JUnitReportReporter -->
<testsuite hostname="DESKTOP-5KLHFHK" failures="0" tests="1" name="com.mystore.testcases.AddToCartTest" time="7.482" errors="0" timestamp="2024-08-07T18:51:49 BST" skipped="0">
  <testcase classname="com.mystore.testcases.AddToCartTest" name="verifyAddToCartTest" time="7.482"/>
  <system-out/>
</testsuite> <!-- com.mystore.testcases.AddToCartTest -->
