<?xml version="1.0" encoding="UTF-8"?>
<!-- Generated by org.testng.reporters.JUnitReportReporter -->
<testsuite hostname="DESKTOP-5KLHFHK" failures="0" tests="1" name="com.mystore.testcases.EndtoEndTest" time="11.054" errors="0" timestamp="2024-08-07T18:51:49 BST" skipped="0">
  <testcase classname="com.mystore.testcases.EndtoEndTest" name="endToEndTest" time="11.054"/>
  <system-out/>
</testsuite> <!-- com.mystore.testcases.EndtoEndTest -->
