<?xml version="1.0" encoding="UTF-8"?>
<!-- Generated by org.testng.reporters.JUnitReportReporter -->
<testsuite hostname="DESKTOP-5KLHFHK" failures="0" tests="2" name="com.mystore.testcases.IndexPageTest" time="7.503" errors="0" timestamp="2024-08-07T18:51:49 BST" skipped="0">
  <testcase classname="com.mystore.testcases.IndexPageTest" name="verifyTitle" time="4.545"/>
  <system-out/>
  <testcase classname="com.mystore.testcases.IndexPageTest" name="VerifyLogo" time="2.958"/>
  <system-out/>
</testsuite> <!-- com.mystore.testcases.IndexPageTest -->
